[2021-11-11 11:43:27,688] {taskinstance.py:1035} INFO - Dependencies all met for <TaskInstance: example_bash_operator.runme_0 scheduled__2021-11-10T00:00:00+00:00 [queued]>
[2021-11-11 11:43:27,816] {taskinstance.py:1035} INFO - Dependencies all met for <TaskInstance: example_bash_operator.runme_0 scheduled__2021-11-10T00:00:00+00:00 [queued]>
[2021-11-11 11:43:27,818] {taskinstance.py:1241} INFO - 
--------------------------------------------------------------------------------
[2021-11-11 11:43:27,819] {taskinstance.py:1242} INFO - Starting attempt 1 of 1
[2021-11-11 11:43:27,821] {taskinstance.py:1243} INFO - 
--------------------------------------------------------------------------------
[2021-11-11 11:43:27,923] {taskinstance.py:1262} INFO - Executing <Task(BashOperator): runme_0> on 2021-11-10 00:00:00+00:00
[2021-11-11 11:43:28,032] {standard_task_runner.py:52} INFO - Started process 1666 to run task
[2021-11-11 11:43:28,092] {standard_task_runner.py:76} INFO - Running: ['***', 'tasks', 'run', 'example_bash_operator', 'runme_0', 'scheduled__2021-11-10T00:00:00+00:00', '--job-id', '10', '--raw', '--subdir', '/home/***/.local/lib/python3.7/site-packages/***/example_dags/example_bash_operator.py', '--cfg-path', '/tmp/tmp6y81r4rx', '--error-file', '/tmp/tmp3ni8id8v']
[2021-11-11 11:43:28,108] {standard_task_runner.py:77} INFO - Job 10: Subtask runme_0
[2021-11-11 11:43:28,810] {logging_mixin.py:109} INFO - Running <TaskInstance: example_bash_operator.runme_0 scheduled__2021-11-10T00:00:00+00:00 [running]> on host 150ca14c9dd9
[2021-11-11 11:43:29,461] {taskinstance.py:1429} INFO - Exporting the following env vars:
AIRFLOW_CTX_DAG_OWNER=***
AIRFLOW_CTX_DAG_ID=example_bash_operator
AIRFLOW_CTX_TASK_ID=runme_0
AIRFLOW_CTX_EXECUTION_DATE=2021-11-10T00:00:00+00:00
AIRFLOW_CTX_DAG_RUN_ID=scheduled__2021-11-10T00:00:00+00:00
[2021-11-11 11:43:29,488] {subprocess.py:62} INFO - Tmp dir root location: 
 /tmp
[2021-11-11 11:43:29,501] {subprocess.py:74} INFO - Running command: ['bash', '-c', 'echo "example_bash_operator__runme_0__20211110" && sleep 1']
[2021-11-11 11:43:29,663] {subprocess.py:85} INFO - Output:
[2021-11-11 11:43:29,681] {subprocess.py:89} INFO - example_bash_operator__runme_0__20211110
[2021-11-11 11:43:30,716] {subprocess.py:93} INFO - Command exited with return code 0
[2021-11-11 11:43:31,082] {taskinstance.py:1280} INFO - Marking task as SUCCESS. dag_id=example_bash_operator, task_id=runme_0, execution_date=20211110T000000, start_date=20211111T114327, end_date=20211111T114331
[2021-11-11 11:43:31,327] {local_task_job.py:154} INFO - Task exited with return code 0
[2021-11-11 11:43:31,552] {local_task_job.py:264} INFO - 0 downstream tasks scheduled from follow-on schedule check
