[2021-11-11 11:43:27,817] {taskinstance.py:1035} INFO - Dependencies all met for <TaskInstance: example_bash_operator.this_will_skip manual__2021-11-11T11:43:20.689342+00:00 [queued]>
[2021-11-11 11:43:27,944] {taskinstance.py:1035} INFO - Dependencies all met for <TaskInstance: example_bash_operator.this_will_skip manual__2021-11-11T11:43:20.689342+00:00 [queued]>
[2021-11-11 11:43:27,950] {taskinstance.py:1241} INFO - 
--------------------------------------------------------------------------------
[2021-11-11 11:43:27,951] {taskinstance.py:1242} INFO - Starting attempt 1 of 1
[2021-11-11 11:43:27,957] {taskinstance.py:1243} INFO - 
--------------------------------------------------------------------------------
[2021-11-11 11:43:28,068] {taskinstance.py:1262} INFO - Executing <Task(BashOperator): this_will_skip> on 2021-11-11 11:43:20.689342+00:00
[2021-11-11 11:43:28,155] {standard_task_runner.py:52} INFO - Started process 1668 to run task
[2021-11-11 11:43:28,329] {standard_task_runner.py:76} INFO - Running: ['***', 'tasks', 'run', 'example_bash_operator', 'this_will_skip', 'manual__2021-11-11T11:43:20.689342+00:00', '--job-id', '6', '--raw', '--subdir', '/home/***/.local/lib/python3.7/site-packages/***/example_dags/example_bash_operator.py', '--cfg-path', '/tmp/tmp57t64if7', '--error-file', '/tmp/tmpuyxpx4dy']
[2021-11-11 11:43:28,349] {standard_task_runner.py:77} INFO - Job 6: Subtask this_will_skip
[2021-11-11 11:43:28,934] {logging_mixin.py:109} INFO - Running <TaskInstance: example_bash_operator.this_will_skip manual__2021-11-11T11:43:20.689342+00:00 [running]> on host 150ca14c9dd9
[2021-11-11 11:43:29,606] {taskinstance.py:1429} INFO - Exporting the following env vars:
AIRFLOW_CTX_DAG_OWNER=***
AIRFLOW_CTX_DAG_ID=example_bash_operator
AIRFLOW_CTX_TASK_ID=this_will_skip
AIRFLOW_CTX_EXECUTION_DATE=2021-11-11T11:43:20.689342+00:00
AIRFLOW_CTX_DAG_RUN_ID=manual__2021-11-11T11:43:20.689342+00:00
[2021-11-11 11:43:29,646] {subprocess.py:62} INFO - Tmp dir root location: 
 /tmp
[2021-11-11 11:43:29,652] {subprocess.py:74} INFO - Running command: ['bash', '-c', 'echo "hello world"; exit 99;']
[2021-11-11 11:43:29,773] {subprocess.py:85} INFO - Output:
[2021-11-11 11:43:29,849] {subprocess.py:89} INFO - hello world
[2021-11-11 11:43:29,851] {subprocess.py:93} INFO - Command exited with return code 99
[2021-11-11 11:43:29,855] {taskinstance.py:1359} INFO - Bash command returned exit code 99. Skipping.
[2021-11-11 11:43:29,969] {taskinstance.py:1280} INFO - Marking task as SKIPPED. dag_id=example_bash_operator, task_id=this_will_skip, execution_date=20211111T114320, start_date=20211111T114327, end_date=20211111T114329
[2021-11-11 11:43:30,133] {local_task_job.py:154} INFO - Task exited with return code 0
[2021-11-11 11:43:30,628] {local_task_job.py:264} INFO - 0 downstream tasks scheduled from follow-on schedule check
