[2021-11-11 11:43:27,608] {taskinstance.py:1035} INFO - Dependencies all met for <TaskInstance: example_bash_operator.runme_0 manual__2021-11-11T11:43:20.689342+00:00 [queued]>
[2021-11-11 11:43:27,781] {taskinstance.py:1035} INFO - Dependencies all met for <TaskInstance: example_bash_operator.runme_0 manual__2021-11-11T11:43:20.689342+00:00 [queued]>
[2021-11-11 11:43:27,786] {taskinstance.py:1241} INFO - 
--------------------------------------------------------------------------------
[2021-11-11 11:43:27,787] {taskinstance.py:1242} INFO - Starting attempt 1 of 1
[2021-11-11 11:43:27,787] {taskinstance.py:1243} INFO - 
--------------------------------------------------------------------------------
[2021-11-11 11:43:28,099] {taskinstance.py:1262} INFO - Executing <Task(BashOperator): runme_0> on 2021-11-11 11:43:20.689342+00:00
[2021-11-11 11:43:28,173] {standard_task_runner.py:52} INFO - Started process 1670 to run task
[2021-11-11 11:43:28,389] {standard_task_runner.py:76} INFO - Running: ['***', 'tasks', 'run', 'example_bash_operator', 'runme_0', 'manual__2021-11-11T11:43:20.689342+00:00', '--job-id', '8', '--raw', '--subdir', '/home/***/.local/lib/python3.7/site-packages/***/example_dags/example_bash_operator.py', '--cfg-path', '/tmp/tmp42t5wky3', '--error-file', '/tmp/tmpe9ogtatc']
[2021-11-11 11:43:28,405] {standard_task_runner.py:77} INFO - Job 8: Subtask runme_0
[2021-11-11 11:43:28,879] {logging_mixin.py:109} INFO - Running <TaskInstance: example_bash_operator.runme_0 manual__2021-11-11T11:43:20.689342+00:00 [running]> on host 150ca14c9dd9
[2021-11-11 11:43:29,572] {taskinstance.py:1429} INFO - Exporting the following env vars:
AIRFLOW_CTX_DAG_OWNER=***
AIRFLOW_CTX_DAG_ID=example_bash_operator
AIRFLOW_CTX_TASK_ID=runme_0
AIRFLOW_CTX_EXECUTION_DATE=2021-11-11T11:43:20.689342+00:00
AIRFLOW_CTX_DAG_RUN_ID=manual__2021-11-11T11:43:20.689342+00:00
[2021-11-11 11:43:29,596] {subprocess.py:62} INFO - Tmp dir root location: 
 /tmp
[2021-11-11 11:43:29,607] {subprocess.py:74} INFO - Running command: ['bash', '-c', 'echo "example_bash_operator__runme_0__20211111" && sleep 1']
[2021-11-11 11:43:29,746] {subprocess.py:85} INFO - Output:
[2021-11-11 11:43:29,778] {subprocess.py:89} INFO - example_bash_operator__runme_0__20211111
[2021-11-11 11:43:30,853] {subprocess.py:93} INFO - Command exited with return code 0
[2021-11-11 11:43:31,083] {taskinstance.py:1280} INFO - Marking task as SUCCESS. dag_id=example_bash_operator, task_id=runme_0, execution_date=20211111T114320, start_date=20211111T114327, end_date=20211111T114331
[2021-11-11 11:43:31,291] {local_task_job.py:154} INFO - Task exited with return code 0
[2021-11-11 11:43:31,690] {local_task_job.py:264} INFO - 0 downstream tasks scheduled from follow-on schedule check
